<?xml version="1.0" encoding="UTF-8"?>
<!-- Generated by org.testng.reporters.JUnitReportReporter -->
<testsuite hostname="dominique-7ls5" failures="0" tests="1" name="test.AmazonTest" time="8.897" errors="0" timestamp="2022-02-04T14:18:04 UTC" skipped="0">
  <testcase classname="test.AmazonTest" name="verifySearchProoduct" time="8.897"/>
  <system-out/>
</testsuite> <!-- test.AmazonTest -->
